
19.10.2022 04:34:01 - Generated Signature  - yud36e1+iIflJJJVfu9re8MOEQDTogH8sSVer4o1e+A=
19.10.2022 04:34:01 - MyFatoorah-Signature - yud36e1+iIflJJJVfu9re8MOEQDTogH8sSVer4o1e+A=
19.10.2022 04:34:01 - Signature is valid 
19.10.2022 04:38:04 - Generated Signature  - TjMkWBlRdmT+KK9WUeU6bZ8SzsU8EnMjqjtuG3yXPHA=
19.10.2022 04:38:04 - MyFatoorah-Signature - TjMkWBlRdmT+KK9WUeU6bZ8SzsU8EnMjqjtuG3yXPHA=
19.10.2022 04:38:04 - Signature is valid 
19.10.2022 04:42:21 - Generated Signature  - 9rlQmskJTd6uxhyDESwEB1DSwBT2M5+qqlzzYhiKR88=
19.10.2022 04:42:21 - MyFatoorah-Signature - 9rlQmskJTd6uxhyDESwEB1DSwBT2M5+qqlzzYhiKR88=
19.10.2022 04:42:21 - Signature is valid 
19.10.2022 04:46:31 - Generated Signature  - d/hQnjNASpCH9xbon4bKV0TIOOUpoLi3EAzVwYfNXds=
19.10.2022 04:46:31 - MyFatoorah-Signature - d/hQnjNASpCH9xbon4bKV0TIOOUpoLi3EAzVwYfNXds=
19.10.2022 04:46:31 - Signature is valid 
19.10.2022 04:49:29 - Generated Signature  - OCQ9Gntm6Gq2sHTcx4aEd76FZki6oEcyoF4d+uRJ0KQ=
19.10.2022 04:49:29 - MyFatoorah-Signature - OCQ9Gntm6Gq2sHTcx4aEd76FZki6oEcyoF4d+uRJ0KQ=
19.10.2022 04:49:29 - Signature is valid 
19.10.2022 05:00:10 - Generated Signature  - j939/u68t589a4+uLIQGr+LiaoNTdaHtT9WIgUue4qI=
19.10.2022 05:00:10 - MyFatoorah-Signature - j939/u68t589a4+uLIQGr+LiaoNTdaHtT9WIgUue4qI=
19.10.2022 05:00:10 - Signature is valid 
19.10.2022 05:05:15 - Generated Signature  - XOTYThz0RHtGtvav0+2XHMya5lJliYgsTuws23x7Xmc=
19.10.2022 05:05:15 - MyFatoorah-Signature - XOTYThz0RHtGtvav0+2XHMya5lJliYgsTuws23x7Xmc=
19.10.2022 05:05:15 - Signature is valid 
19.10.2022 05:12:04 - Generated Signature  - hHW0HOn8Cac3i5t5XprKP+8JkTIPEPbmiDRap6nSPHA=
19.10.2022 05:12:04 - MyFatoorah-Signature - hHW0HOn8Cac3i5t5XprKP+8JkTIPEPbmiDRap6nSPHA=
19.10.2022 05:12:04 - Signature is valid 
19.10.2022 05:47:00 - Generated Signature  - 8IJQg+Ygo8VOky4sz0w0A5gK9mcetEOU/aCjU0B2fTc=
19.10.2022 05:47:00 - MyFatoorah-Signature - 8IJQg+Ygo8VOky4sz0w0A5gK9mcetEOU/aCjU0B2fTc=
19.10.2022 05:47:00 - Signature is valid 
19.10.2022 05:48:46 - Generated Signature  - NTFaJzMl00IZSGblfKJ6GJshEky1JjZHrlWI9WZp+rg=
19.10.2022 05:48:46 - MyFatoorah-Signature - NTFaJzMl00IZSGblfKJ6GJshEky1JjZHrlWI9WZp+rg=
19.10.2022 05:48:46 - Signature is valid 
19.10.2022 05:51:58 - Generated Signature  - i4feI+3mHjPpps0ZQoGYJwPzp39XSjdgPJlBP/uSGUc=
19.10.2022 05:51:58 - MyFatoorah-Signature - i4feI+3mHjPpps0ZQoGYJwPzp39XSjdgPJlBP/uSGUc=
19.10.2022 05:51:58 - Signature is valid 
19.10.2022 05:52:29 - Generated Signature  - i4feI+3mHjPpps0ZQoGYJwPzp39XSjdgPJlBP/uSGUc=
19.10.2022 05:52:29 - MyFatoorah-Signature - i4feI+3mHjPpps0ZQoGYJwPzp39XSjdgPJlBP/uSGUc=
19.10.2022 05:52:29 - Signature is valid 
19.10.2022 05:52:49 - Generated Signature  - d09pkaDBYXKzJt99/viTSOj03Tsd0bLbkI6JgcBflLI=
19.10.2022 05:52:49 - MyFatoorah-Signature - d09pkaDBYXKzJt99/viTSOj03Tsd0bLbkI6JgcBflLI=
19.10.2022 05:52:49 - Signature is valid 
19.10.2022 05:52:59 - Generated Signature  - i4feI+3mHjPpps0ZQoGYJwPzp39XSjdgPJlBP/uSGUc=
19.10.2022 05:52:59 - MyFatoorah-Signature - i4feI+3mHjPpps0ZQoGYJwPzp39XSjdgPJlBP/uSGUc=
19.10.2022 05:52:59 - Signature is valid 
19.10.2022 05:53:19 - Generated Signature  - d09pkaDBYXKzJt99/viTSOj03Tsd0bLbkI6JgcBflLI=
19.10.2022 05:53:19 - MyFatoorah-Signature - d09pkaDBYXKzJt99/viTSOj03Tsd0bLbkI6JgcBflLI=
19.10.2022 05:53:19 - Signature is valid 
19.10.2022 05:53:50 - Generated Signature  - d09pkaDBYXKzJt99/viTSOj03Tsd0bLbkI6JgcBflLI=
19.10.2022 05:53:50 - MyFatoorah-Signature - d09pkaDBYXKzJt99/viTSOj03Tsd0bLbkI6JgcBflLI=
19.10.2022 05:53:50 - Signature is valid 
19.10.2022 05:55:24 - Generated Signature  - EcRXyNG+inLIff8KLZldpsXzA5qX6DehvJ0EQFMUIHs=
19.10.2022 05:55:24 - MyFatoorah-Signature - EcRXyNG+inLIff8KLZldpsXzA5qX6DehvJ0EQFMUIHs=
19.10.2022 05:55:24 - Signature is valid 
20.10.2022 09:15:01 - Generated Signature  - Y4E4HntaheJP56uURHFr7sjnno02O102ST+CCFfeYo4=
20.10.2022 09:15:01 - MyFatoorah-Signature - Y4E4HntaheJP56uURHFr7sjnno02O102ST+CCFfeYo4=
20.10.2022 09:15:01 - Signature is valid 
20.10.2022 09:16:20 - Generated Signature  - F02wGR02RkhMOEkj3oZx5SxjIcApuV6K8NmxEsVI/9E=
20.10.2022 09:16:20 - MyFatoorah-Signature - F02wGR02RkhMOEkj3oZx5SxjIcApuV6K8NmxEsVI/9E=
20.10.2022 09:16:20 - Signature is valid 
20.10.2022 09:17:40 - Generated Signature  - LXgFmPG4vB/D8XkppCOrwIoHAjrA/uO6rSYC/RXtqAw=
20.10.2022 09:17:40 - MyFatoorah-Signature - LXgFmPG4vB/D8XkppCOrwIoHAjrA/uO6rSYC/RXtqAw=
20.10.2022 09:17:40 - Signature is valid 
20.10.2022 09:19:27 - Generated Signature  - g4pI4fvMMw004AHSC7WEsBeC83LnwvXSdQ9ZRT6Etto=
20.10.2022 09:19:27 - MyFatoorah-Signature - g4pI4fvMMw004AHSC7WEsBeC83LnwvXSdQ9ZRT6Etto=
20.10.2022 09:19:27 - Signature is valid 
20.10.2022 11:45:30 - Generated Signature  - NknT9Kzn3ql1/4sWc7Xn9aQ+yzPU4r4AjTvhBz/4r24=
20.10.2022 11:45:30 - MyFatoorah-Signature - GuD3F5oz1o5wqafCt/boh1nTk3D0fuGQsWAQYpMMERo=
20.10.2022 11:45:30 - Signature is not valid 
20.10.2022 11:48:23 - Generated Signature  - 5V3qkPgvKYmbTfLJp8hKGl8iWy8OZrXSoSrzAGs2wKw=
20.10.2022 11:48:23 - MyFatoorah-Signature - GuD3F5oz1o5wqafCt/boh1nTk3D0fuGQsWAQYpMMERo=
20.10.2022 11:48:23 - Signature is not valid 
20.10.2022 11:50:02 - Generated Signature  - KVGM8/AQHp1GpqIY1Is6oHU8yNEKVMqu79hi8oPKGc4=
20.10.2022 11:50:02 - MyFatoorah-Signature - GuD3F5oz1o5wqafCt/boh1nTk3D0fuGQsWAQYpMMERo=
20.10.2022 11:50:02 - Signature is not valid 
20.10.2022 11:51:58 - Generated Signature  - KVGM8/AQHp1GpqIY1Is6oHU8yNEKVMqu79hi8oPKGc4=
20.10.2022 11:51:58 - MyFatoorah-Signature - GuD3F5oz1o5wqafCt/boh1nTk3D0fuGQsWAQYpMMERo=
20.10.2022 11:51:58 - Signature is not valid 
20.10.2022 11:55:37 - Generated Signature  - qfs5JNFhvNY4mcY78HtllmQlv94UXcOJH4qDWftXZK0=
20.10.2022 11:55:37 - MyFatoorah-Signature - qfs5JNFhvNY4mcY78HtllmQlv94UXcOJH4qDWftXZK0=
20.10.2022 11:55:37 - Signature is valid 
20.10.2022 11:59:49 - Generated Signature  - XGIu3dVBThsAiSmjcNs0xaNy97517Gnfw/J8ClPBO8Y=
20.10.2022 11:59:49 - MyFatoorah-Signature - XGIu3dVBThsAiSmjcNs0xaNy97517Gnfw/J8ClPBO8Y=
20.10.2022 11:59:49 - Signature is valid 
20.10.2022 12:05:53 - Generated Signature  - AxhhFS5sget0yL1Vz4d4J/JTcn9Qq2g6mFRE+pxp7dE=
20.10.2022 12:05:53 - MyFatoorah-Signature - AxhhFS5sget0yL1Vz4d4J/JTcn9Qq2g6mFRE+pxp7dE=
20.10.2022 12:05:53 - Signature is valid 
20.10.2022 12:08:46 - Generated Signature  - utdpVy4lLTkszLQQVy7JJg+GMasymOsKb0FI1Tg0FXQ=
20.10.2022 12:08:46 - MyFatoorah-Signature - utdpVy4lLTkszLQQVy7JJg+GMasymOsKb0FI1Tg0FXQ=
20.10.2022 12:08:46 - Signature is valid 
20.10.2022 12:09:27 - Generated Signature  - d31ObdVoLj5YLfq85npsC/I1vCMldS8BaRpbe10ybFQ=
20.10.2022 12:09:27 - MyFatoorah-Signature - d31ObdVoLj5YLfq85npsC/I1vCMldS8BaRpbe10ybFQ=
20.10.2022 12:09:27 - Signature is valid 
20.10.2022 12:15:01 - Generated Signature  - SaEikTLanJyOaZp6BHDWMeV/9oE/baWphFRyv7pZ/YU=
20.10.2022 12:15:01 - MyFatoorah-Signature - SaEikTLanJyOaZp6BHDWMeV/9oE/baWphFRyv7pZ/YU=
20.10.2022 12:15:01 - Signature is valid 
20.10.2022 12:18:23 - Generated Signature  - KjjGl/PVi5mIuAYAqhoSQW6Lm3IIrSLLnr6w9qSfOSU=
20.10.2022 12:18:23 - MyFatoorah-Signature - KjjGl/PVi5mIuAYAqhoSQW6Lm3IIrSLLnr6w9qSfOSU=
20.10.2022 12:18:23 - Signature is valid 
20.10.2022 12:18:35 - Generated Signature  - KjjGl/PVi5mIuAYAqhoSQW6Lm3IIrSLLnr6w9qSfOSU=
20.10.2022 12:18:35 - MyFatoorah-Signature - KjjGl/PVi5mIuAYAqhoSQW6Lm3IIrSLLnr6w9qSfOSU=
20.10.2022 12:18:35 - Signature is valid 
20.10.2022 12:20:02 - Generated Signature  - kPF/Zk7VGeHf5LXmFZzaurxjE0w84Rom+Ogpumh3hc8=
20.10.2022 12:20:02 - MyFatoorah-Signature - kPF/Zk7VGeHf5LXmFZzaurxjE0w84Rom+Ogpumh3hc8=
20.10.2022 12:20:02 - Signature is valid 
20.10.2022 12:27:30 - Generated Signature  - 8Vz4UMImyAGDFhist+V5xbH7E9I8Sj2JXVZIIQliMIg=
20.10.2022 12:27:30 - MyFatoorah-Signature - 8Vz4UMImyAGDFhist+V5xbH7E9I8Sj2JXVZIIQliMIg=
20.10.2022 12:27:30 - Signature is valid 
20.10.2022 12:29:17 - Generated Signature  - KWWRlXcZ0+oMR0riHtBRrB5I1dcinE9vyOaRxqE132o=
20.10.2022 12:29:17 - MyFatoorah-Signature - KWWRlXcZ0+oMR0riHtBRrB5I1dcinE9vyOaRxqE132o=
20.10.2022 12:29:17 - Signature is valid 
20.10.2022 12:32:34 - Generated Signature  - reggcWS2dO45HCFX4JHLclW1DRDkJKCjCAaCCFreZgw=
20.10.2022 12:32:34 - MyFatoorah-Signature - reggcWS2dO45HCFX4JHLclW1DRDkJKCjCAaCCFreZgw=
20.10.2022 12:32:34 - Signature is valid 
20.10.2022 12:34:55 - Generated Signature  - EDnxE/yzw6SFeQd4UvZdPusLQIuuJr+W24rEhIR5nbQ=
20.10.2022 12:34:55 - MyFatoorah-Signature - EDnxE/yzw6SFeQd4UvZdPusLQIuuJr+W24rEhIR5nbQ=
20.10.2022 12:34:55 - Signature is valid 
20.10.2022 12:36:03 - Generated Signature  - D1QPY6WiNvjYM4Kc24XEuRow62U+ugsWEFYU18fRXkw=
20.10.2022 12:36:03 - MyFatoorah-Signature - D1QPY6WiNvjYM4Kc24XEuRow62U+ugsWEFYU18fRXkw=
20.10.2022 12:36:03 - Signature is valid 
20.10.2022 05:45:10 - Generated Signature  - diBvJYaR9pp6h5RHy93UC5Iw3cQfF9caCzOTHa+8iSE=
20.10.2022 05:45:10 - MyFatoorah-Signature - diBvJYaR9pp6h5RHy93UC5Iw3cQfF9caCzOTHa+8iSE=
20.10.2022 05:45:10 - Signature is valid 
20.10.2022 05:46:27 - Generated Signature  - UCFSdUPE/R3Ci4dzq3KH277q7jepKNA6nJh7U7LFAJU=
20.10.2022 05:46:27 - MyFatoorah-Signature - UCFSdUPE/R3Ci4dzq3KH277q7jepKNA6nJh7U7LFAJU=
20.10.2022 05:46:27 - Signature is valid 
20.10.2022 05:47:58 - Generated Signature  - L/9BqnF+2fkNC49CQc+5UGQ7TF2d+D5azL7yBHb58I0=
20.10.2022 05:47:58 - MyFatoorah-Signature - L/9BqnF+2fkNC49CQc+5UGQ7TF2d+D5azL7yBHb58I0=
20.10.2022 05:47:58 - Signature is valid 
20.10.2022 05:48:40 - Generated Signature  - q9uLmOdg9hw71v7VKYhaG8u5IVHpo5hZ62VhOnC4Ops=
20.10.2022 05:48:40 - MyFatoorah-Signature - q9uLmOdg9hw71v7VKYhaG8u5IVHpo5hZ62VhOnC4Ops=
20.10.2022 05:48:40 - Signature is valid 
20.10.2022 05:54:56 - Generated Signature  - qp1ZI/LrQJbSutG6+3MKtNDxDYtFqgIAjgWHCj3Uby0=
20.10.2022 05:54:56 - MyFatoorah-Signature - qp1ZI/LrQJbSutG6+3MKtNDxDYtFqgIAjgWHCj3Uby0=
20.10.2022 05:54:56 - Signature is valid 
20.10.2022 05:57:19 - Generated Signature  - yI2PBraTJ0MhVOKgOLxiAUacjhCyS8kFXnVUXxzftkA=
20.10.2022 05:57:19 - MyFatoorah-Signature - yI2PBraTJ0MhVOKgOLxiAUacjhCyS8kFXnVUXxzftkA=
20.10.2022 05:57:19 - Signature is valid 
20.10.2022 05:57:20 - Generated Signature  - RxCffv41t7ZIjQls1aAfsPJ/aTHleSD7sPO+UBNt5nk=
20.10.2022 05:57:20 - MyFatoorah-Signature - RxCffv41t7ZIjQls1aAfsPJ/aTHleSD7sPO+UBNt5nk=
20.10.2022 05:57:20 - Signature is valid 
20.10.2022 05:58:49 - Generated Signature  - Smd6/OoPJFefsrrPwH0JeSDLD3UKp6ZsP+PLf7ZTlWs=
20.10.2022 05:58:49 - MyFatoorah-Signature - Smd6/OoPJFefsrrPwH0JeSDLD3UKp6ZsP+PLf7ZTlWs=
20.10.2022 05:58:49 - Signature is valid 
20.10.2022 05:59:19 - Generated Signature  - 4QZ14AlE76I8AcH7wUehaXBMXu14hikRz3PKSTshi18=
20.10.2022 05:59:19 - MyFatoorah-Signature - 4QZ14AlE76I8AcH7wUehaXBMXu14hikRz3PKSTshi18=
20.10.2022 05:59:19 - Signature is valid 
20.10.2022 06:03:24 - Generated Signature  - 6+MWUON/+mskgTBq8I/MMkVOvWAf771Zyqn8Ln1TXM0=
20.10.2022 06:03:24 - MyFatoorah-Signature - 6+MWUON/+mskgTBq8I/MMkVOvWAf771Zyqn8Ln1TXM0=
20.10.2022 06:03:24 - Signature is valid 
20.10.2022 06:04:02 - Generated Signature  - Q2jGRNwBpobj7Xg9HjiF/NSPqYoF/VvImFc1yYMkiwg=
20.10.2022 06:04:02 - MyFatoorah-Signature - Q2jGRNwBpobj7Xg9HjiF/NSPqYoF/VvImFc1yYMkiwg=
20.10.2022 06:04:02 - Signature is valid 
20.10.2022 06:04:42 - Generated Signature  - RTnR6yvPvSg60sc/6vJGwqr0BKhN0hIcJenTWqgNoYY=
20.10.2022 06:04:42 - MyFatoorah-Signature - RTnR6yvPvSg60sc/6vJGwqr0BKhN0hIcJenTWqgNoYY=
20.10.2022 06:04:42 - Signature is valid 
20.10.2022 06:06:29 - Generated Signature  - dHnGCSEmyR6ItQUTRmmx6qQr2GzRHKU9vbMGSc9lLrM=
20.10.2022 06:06:29 - MyFatoorah-Signature - dHnGCSEmyR6ItQUTRmmx6qQr2GzRHKU9vbMGSc9lLrM=
20.10.2022 06:06:29 - Signature is valid 
20.10.2022 06:06:44 - Generated Signature  - prvIRHyT1QbhBuaLn4fjDULeMzATn5Z89GTNIL0zn0A=
20.10.2022 06:06:44 - MyFatoorah-Signature - prvIRHyT1QbhBuaLn4fjDULeMzATn5Z89GTNIL0zn0A=
20.10.2022 06:06:44 - Signature is valid 
20.10.2022 06:08:07 - Generated Signature  - xRYnMWSGcziRBMTX5FLDgGzZguxe5N0wykf8P9gEe6I=
20.10.2022 06:08:07 - MyFatoorah-Signature - xRYnMWSGcziRBMTX5FLDgGzZguxe5N0wykf8P9gEe6I=
20.10.2022 06:08:07 - Signature is valid 
20.10.2022 06:08:34 - Generated Signature  - Ljj8o7UrMvLOPOnJNbYo+uuiTkW5QyPwie5LzBIx5pU=
20.10.2022 06:08:34 - MyFatoorah-Signature - Ljj8o7UrMvLOPOnJNbYo+uuiTkW5QyPwie5LzBIx5pU=
20.10.2022 06:08:34 - Signature is valid 
20.10.2022 06:11:01 - Generated Signature  - x9RH3sKD/dY430cJzitoevnHTsRl6TOVc5ppzzb6ui4=
20.10.2022 06:11:01 - MyFatoorah-Signature - x9RH3sKD/dY430cJzitoevnHTsRl6TOVc5ppzzb6ui4=
20.10.2022 06:11:01 - Signature is valid 
20.10.2022 06:13:23 - Generated Signature  - RogVPJnNSOZnfVB4TSXuSZALnzVY6/HfpUTWt976txg=
20.10.2022 06:13:23 - MyFatoorah-Signature - RogVPJnNSOZnfVB4TSXuSZALnzVY6/HfpUTWt976txg=
20.10.2022 06:13:23 - Signature is valid 
16.12.2022 12:15:32 - Generated Signature  - dVIiI1Fj/lyvdfj7E3ThoPrCU1MX3+P1hLXHmoWhSVA=
16.12.2022 12:15:32 - MyFatoorah-Signature - 
16.12.2022 12:15:32 - Signature is not valid 
21.12.2022 04:41:11 - Generated Signature  - UExlojuAzeya4ueskusZFBcZ7UmlFzei2K1rtxkkcbg=
21.12.2022 04:41:11 - MyFatoorah-Signature - 
21.12.2022 04:41:11 - Signature is not valid 
21.12.2022 04:41:26 - Generated Signature  - UExlojuAzeya4ueskusZFBcZ7UmlFzei2K1rtxkkcbg=
21.12.2022 04:41:26 - MyFatoorah-Signature - 
21.12.2022 04:41:26 - Signature is not valid 
08.02.2023 06:18:52 - Generated Signature  - DFhytner6mje2YXjq3MjLyra3brnwSczIwswd07cS08=
08.02.2023 06:18:52 - MyFatoorah-Signature - 
08.02.2023 06:18:52 - Signature is not valid 
08.02.2023 06:21:44 - Generated Signature  - 69TWn2UfAAsZ8T07/jU8nBKMfCRgg+8ddktfU1fIShI=
08.02.2023 06:21:44 - MyFatoorah-Signature - 
08.02.2023 06:21:44 - Signature is not valid 
09.02.2023 01:28:04 - Generated Signature  - 7wLXJFSNni+sR3ndGQ5xN39DY5x7v8bhO9YFZRMdVaM=
09.02.2023 01:28:04 - MyFatoorah-Signature - 
09.02.2023 01:28:04 - Signature is not valid 
09.02.2023 09:36:44 - Generated Signature  - 9Xgba43qhVYpce51V7eDbIue6jinyw4DaQhZMVo9O0Q=
09.02.2023 09:36:44 - MyFatoorah-Signature - 
09.02.2023 09:36:44 - Signature is not valid 
09.02.2023 09:45:24 - Generated Signature  - 9wAO4IjbPnLQ3ieE2tNkCNxGAPOV9Dc4uXgyxTf9ftA=
09.02.2023 09:45:24 - MyFatoorah-Signature - 
09.02.2023 09:45:24 - Signature is not valid 
09.02.2023 09:49:08 - Generated Signature  - dvoxYU6tkD9+5knag4yMl3bXt0nT/Y6qANhY/A6dGGc=
09.02.2023 09:49:08 - MyFatoorah-Signature - 
09.02.2023 09:49:08 - Signature is not valid 
09.02.2023 09:51:02 - Generated Signature  - EhQZ9nRsLoDUoum8qIVZBSDm+0wOmKDOJNukVMU5PfU=
09.02.2023 09:51:02 - MyFatoorah-Signature - 
09.02.2023 09:51:02 - Signature is not valid 
09.02.2023 09:53:51 - Generated Signature  - NnGBGwQMFAPqTMtbmpCgw2e0Dqfsu/MjAjaT5vFvycI=
09.02.2023 09:53:51 - MyFatoorah-Signature - 
09.02.2023 09:53:51 - Signature is not valid 
09.02.2023 09:56:20 - Generated Signature  - FYyMCkzIrwuz6ejyeceA9zO0jW3XNbbAKEnbeYHYVqE=
09.02.2023 09:56:20 - MyFatoorah-Signature - FYyMCkzIrwuz6ejyeceA9zO0jW3XNbbAKEnbeYHYVqE=
09.02.2023 09:56:20 - Signature is valid 
09.02.2023 10:01:15 - Generated Signature  - eV5y92IMmJPMl1rzBIRD9Pxg6YgCL7sHutjGJVUD6yw=
09.02.2023 10:01:15 - MyFatoorah-Signature - eV5y92IMmJPMl1rzBIRD9Pxg6YgCL7sHutjGJVUD6yw=
09.02.2023 10:01:15 - Signature is valid 
09.02.2023 10:02:51 - Generated Signature  - 0aH38Bo8oK+CQEtO3TYb+mh7YP7r0QeytycNaFMjm+o=
09.02.2023 10:02:51 - MyFatoorah-Signature - 0aH38Bo8oK+CQEtO3TYb+mh7YP7r0QeytycNaFMjm+o=
09.02.2023 10:02:51 - Signature is valid 
09.02.2023 10:04:36 - Generated Signature  - mpj39hy3Z9mzSMNoPsTw+vskg9/XwG1a3Y35icK91/0=
09.02.2023 10:04:36 - MyFatoorah-Signature - mpj39hy3Z9mzSMNoPsTw+vskg9/XwG1a3Y35icK91/0=
09.02.2023 10:04:36 - Signature is valid 
10.02.2023 03:48:38 - Generated Signature  - u+Hby3xQgO7Lw050CApGTYCNI2Y6Z8Qjwe2Hek9hFP4=
10.02.2023 03:48:38 - MyFatoorah-Signature - u+Hby3xQgO7Lw050CApGTYCNI2Y6Z8Qjwe2Hek9hFP4=
10.02.2023 03:48:38 - Signature is valid 
10.02.2023 03:49:42 - Generated Signature  - WMcg0/cTefB/BRGoACBaTmtynEI8FpgM4t25iE1LrzE=
10.02.2023 03:49:42 - MyFatoorah-Signature - WMcg0/cTefB/BRGoACBaTmtynEI8FpgM4t25iE1LrzE=
10.02.2023 03:49:42 - Signature is valid 
10.02.2023 05:10:57 - Generated Signature  - XkiKE9ApdPrC+Mw2dBpIcF3LIWgYNomoERlAKTIUL0o=
10.02.2023 05:10:57 - MyFatoorah-Signature - XkiKE9ApdPrC+Mw2dBpIcF3LIWgYNomoERlAKTIUL0o=
10.02.2023 05:10:57 - Signature is valid 
11.02.2023 11:31:59 - Generated Signature  - pB3ZqSzQvLP6LHClaPOiDWtls9f2jwFBCiCcd5d/290=
11.02.2023 11:31:59 - MyFatoorah-Signature - pB3ZqSzQvLP6LHClaPOiDWtls9f2jwFBCiCcd5d/290=
11.02.2023 11:31:59 - Signature is valid 
11.02.2023 11:37:29 - Generated Signature  - 59WJ2AQcwG6sNTiM0hm81imiF0vcZv6CARVo016UAp4=
11.02.2023 11:37:29 - MyFatoorah-Signature - 59WJ2AQcwG6sNTiM0hm81imiF0vcZv6CARVo016UAp4=
11.02.2023 11:37:29 - Signature is valid 
11.02.2023 11:42:32 - Generated Signature  - JjfRxzng7FWJK5sckxZ76t4DR2isPE6ACmolUq1pRwY=
11.02.2023 11:42:32 - MyFatoorah-Signature - JjfRxzng7FWJK5sckxZ76t4DR2isPE6ACmolUq1pRwY=
11.02.2023 11:42:32 - Signature is valid 